<?xml version="1.0" encoding="UTF-8"?>
<testsuite name="co.com.sofka.runner.acudiente.AcudienteRunner" tests="0" skipped="0" failures="0" errors="0" timestamp="1970-01-01T00:00:00" hostname="juan-Forward-Unto-Dawn" time="0.0">
  <properties/>
  <system-out><![CDATA[
?[31mFailed scenarios:?[0m
?[31mfile:///home/juan/Escritorio/QASofkaWorkspace/RetoFinalClassGate/ClassGate-QA/src/test/resources/feature/acudiente/registroAcudiente.feature:12?[0m# Inscripcion de estudiantes

1 Scenarios (?[31m1 failed?[0m)
3 Steps (?[31m1 failed?[0m, ?[36m1 skipped?[0m, ?[32m1 passed?[0m)
0m42,057s


org.openqa.selenium.StaleElementReferenceException: stale element reference: element is not attached to the page document
  (Session info: chrome=101.0.4951.41)
For documentation on this error, please visit: https://www.seleniumhq.org/exceptions/stale_element_reference.html
Build info: version: '3.141.59', revision: 'e82be7d358', time: '2018-11-14T08:17:03'
System info: host: 'juan-Forward-Unto-Dawn', ip: '127.0.1.1', os.name: 'Linux', os.arch: 'amd64', os.version: '5.13.0-40-generic', java.version: '11.0.13'
Driver info: org.openqa.selenium.chrome.ChromeDriver
Capabilities {acceptInsecureCerts: false, browserName: chrome, browserVersion: 101.0.4951.41, chrome: {chromedriverVersion: 101.0.4951.41 (93c720db8323..., userDataDir: /tmp/.com.google.Chrome.gQLDip}, goog:chromeOptions: {debuggerAddress: localhost:41457}, javascriptEnabled: true, networkConnectionEnabled: false, pageLoadStrategy: normal, platform: LINUX, platformName: LINUX, proxy: Proxy(), setWindowRect: true, strictFileInteractability: false, timeouts: {implicit: 0, pageLoad: 300000, script: 30000}, unhandledPromptBehavior: dismiss and notify, webauthn:extension:credBlob: true, webauthn:extension:largeBlob: true, webauthn:virtualAuthenticators: true}
Session ID: 6198f95e98905ab5dfef9649277f13fd
	at java.base/jdk.internal.reflect.NativeConstructorAccessorImpl.newInstance0(Native Method)
	at java.base/jdk.internal.reflect.NativeConstructorAccessorImpl.newInstance(NativeConstructorAccessorImpl.java:62)
	at java.base/jdk.internal.reflect.DelegatingConstructorAccessorImpl.newInstance(DelegatingConstructorAccessorImpl.java:45)
	at java.base/java.lang.reflect.Constructor.newInstance(Constructor.java:490)
	at org.openqa.selenium.remote.http.W3CHttpResponseCodec.createException(W3CHttpResponseCodec.java:187)
	at org.openqa.selenium.remote.http.W3CHttpResponseCodec.decode(W3CHttpResponseCodec.java:122)
	at org.openqa.selenium.remote.http.W3CHttpResponseCodec.decode(W3CHttpResponseCodec.java:49)
	at org.openqa.selenium.remote.HttpCommandExecutor.execute(HttpCommandExecutor.java:158)
	at org.openqa.selenium.remote.service.DriverCommandExecutor.execute(DriverCommandExecutor.java:83)
	at org.openqa.selenium.remote.RemoteWebDriver.execute(RemoteWebDriver.java:552)
	at org.openqa.selenium.remote.RemoteWebElement.execute(RemoteWebElement.java:285)
	at org.openqa.selenium.remote.RemoteWebElement.sendKeys(RemoteWebElement.java:106)
	at net.serenitybdd.core.pages.ClearContents.ofElement(ClearContents.java:15)
	at net.serenitybdd.core.pages.WebElementFacadeImpl.clear(WebElementFacadeImpl.java:1260)
	at net.serenitybdd.core.pages.WebElementFacadeImpl.type(WebElementFacadeImpl.java:811)
	at net.serenitybdd.screenplay.actions.EnterValueIntoTarget.performAs(EnterValueIntoTarget.java:18)
	at net.serenitybdd.screenplay.actions.EnterValueIntoTarget$ByteBuddy$3g98DVFi.performAs$accessor$xvaVaeii(Unknown Source)
	at java.base/jdk.internal.reflect.NativeMethodAccessorImpl.invoke0(Native Method)
	at java.base/jdk.internal.reflect.NativeMethodAccessorImpl.invoke(NativeMethodAccessorImpl.java:62)
	at java.base/jdk.internal.reflect.DelegatingMethodAccessorImpl.invoke(DelegatingMethodAccessorImpl.java:43)
	at java.base/java.lang.reflect.Method.invoke(Method.java:566)
	at net.thucydides.core.steps.StepInterceptor.invokeMethod(StepInterceptor.java:488)
	at net.thucydides.core.steps.StepInterceptor.executeTestStepMethod(StepInterceptor.java:468)
	at net.thucydides.core.steps.StepInterceptor.runTestStep(StepInterceptor.java:441)
	at net.thucydides.core.steps.StepInterceptor.runOrSkipMethod(StepInterceptor.java:197)
	at net.thucydides.core.steps.StepInterceptor.testStepResult(StepInterceptor.java:184)
	at net.thucydides.core.steps.StepInterceptor.intercept(StepInterceptor.java:77)
	at net.thucydides.core.steps.ProxyConfiguration$InterceptorDispatcher.intercept(ProxyConfiguration.java:51)
	at net.serenitybdd.screenplay.actions.EnterValueIntoTarget$ByteBuddy$3g98DVFi.performAs(Unknown Source)
	at net.serenitybdd.screenplay.Actor.performTask(Actor.java:248)
	at net.serenitybdd.screenplay.Actor.perform(Actor.java:229)
	at net.serenitybdd.screenplay.Actor.attemptsTo(Actor.java:175)
	at co.com.sofka.task.acudiente.StudentRegister.performAs(StudentRegister.java:39)
	at co.com.sofka.task.acudiente.StudentRegister$ByteBuddy$DCVI38Z2.performAs$accessor$jQ4r3BQk(Unknown Source)
	at java.base/jdk.internal.reflect.NativeMethodAccessorImpl.invoke0(Native Method)
	at java.base/jdk.internal.reflect.NativeMethodAccessorImpl.invoke(NativeMethodAccessorImpl.java:62)
	at java.base/jdk.internal.reflect.DelegatingMethodAccessorImpl.invoke(DelegatingMethodAccessorImpl.java:43)
	at java.base/java.lang.reflect.Method.invoke(Method.java:566)
	at net.thucydides.core.steps.StepInterceptor.invokeMethod(StepInterceptor.java:488)
	at net.thucydides.core.steps.StepInterceptor.executeTestStepMethod(StepInterceptor.java:468)
	at net.thucydides.core.steps.StepInterceptor.runTestStep(StepInterceptor.java:441)
	at net.thucydides.core.steps.StepInterceptor.runOrSkipMethod(StepInterceptor.java:197)
	at net.thucydides.core.steps.StepInterceptor.testStepResult(StepInterceptor.java:184)
	at net.thucydides.core.steps.StepInterceptor.intercept(StepInterceptor.java:77)
	at net.thucydides.core.steps.ProxyConfiguration$InterceptorDispatcher.intercept(ProxyConfiguration.java:51)
	at co.com.sofka.task.acudiente.StudentRegister$ByteBuddy$DCVI38Z2.performAs(Unknown Source)
	at net.serenitybdd.screenplay.Actor.performTask(Actor.java:248)
	at net.serenitybdd.screenplay.Actor.perform(Actor.java:229)
	at net.serenitybdd.screenplay.Actor.attemptsTo(Actor.java:175)
	at co.com.sofka.stepdefinition.acudiente.AcudienteStepDefinition.ingresoALaPlataformaYSeleccionoLaOpcionDeRegistroDeEstudianteYRellenoElFormulario(AcudienteStepDefinition.java:105)
	at ✽.Ingreso a la plataforma y selecciono la opcion de registro de estudiante y relleno el formulario(file:///home/juan/Escritorio/QASofkaWorkspace/RetoFinalClassGate/ClassGate-QA/src/test/resources/feature/acudiente/registroAcudiente.feature:14)


]]></system-out>
  <system-err><![CDATA[SLF4J: Failed to load class "org.slf4j.impl.StaticLoggerBinder".
SLF4J: Defaulting to no-operation (NOP) logger implementation
SLF4J: See http://www.slf4j.org/codes.html#StaticLoggerBinder for further details.
log4j:WARN No appenders could be found for logger (freemarker.cache).
log4j:WARN Please initialize the log4j system properly.
log4j:WARN See http://logging.apache.org/log4j/1.2/faq.html#noconfig for more info.
]]></system-err>
</testsuite>
