<?xml version="1.0" encoding="UTF-8"?><testsuite errors="1" failures="0" name="Dado que soy Acudiente" skipped="0" tests="1" time="41.7" timestamp="2022-04-28 08:36:45"><testcase name="Inscripcion de estudiantes"><error message="stale element reference: element is not attached to the page document&#10;  (Session info: chrome=101.0.4951.41)&#10;For documentation on this error, please visit: https://www.seleniumhq.org/exceptions/stale_element_reference.html&#10;Build info: version: '3.141.59', revision: 'e82be7d358', time: '2018-11-14T08:17:03'&#10;System info: host: 'juan-Forward-Unto-Dawn', ip: '127.0.1.1', os.name: 'Linux', os.arch: 'amd64', os.version: '5.13.0-40-generic', java.version: '11.0.13'&#10;Driver info: org.openqa.selenium.chrome.ChromeDriver&#10;Capabilities {acceptInsecureCerts: false, browserName: chrome, browserVersion: 101.0.4951.41, chrome: {chromedriverVersion: 101.0.4951.41 (93c720db8323..., userDataDir: /tmp/.com.google.Chrome.gQLDip}, goog:chromeOptions: {debuggerAddress: localhost:41457}, javascriptEnabled: true, networkConnectionEnabled: false, pageLoadStrategy: normal, platform: LINUX, platformName: LINUX, proxy: Proxy(), setWindowRect: true, strictFileInteractability: false, timeouts: {implicit: 0, pageLoad: 300000, script: 30000}, unhandledPromptBehavior: dismiss and notify, webauthn:extension:credBlob: true, webauthn:extension:largeBlob: true, webauthn:virtualAuthenticators: true}&#10;Session ID: 6198f95e98905ab5dfef9649277f13fd" type="org.openqa.selenium.StaleElementReferenceException">stale element reference: element is not attached to the page document
  (Session info: chrome=101.0.4951.41)
For documentation on this error, please visit: https://www.seleniumhq.org/exceptions/stale_element_reference.html
Build info: version: '3.141.59', revision: 'e82be7d358', time: '2018-11-14T08:17:03'
System info: host: 'juan-Forward-Unto-Dawn', ip: '127.0.1.1', os.name: 'Linux', os.arch: 'amd64', os.version: '5.13.0-40-generic', java.version: '11.0.13'
Driver info: org.openqa.selenium.chrome.ChromeDriver
Capabilities {acceptInsecureCerts: false, browserName: chrome, browserVersion: 101.0.4951.41, chrome: {chromedriverVersion: 101.0.4951.41 (93c720db8323..., userDataDir: /tmp/.com.google.Chrome.gQLDip}, goog:chromeOptions: {debuggerAddress: localhost:41457}, javascriptEnabled: true, networkConnectionEnabled: false, pageLoadStrategy: normal, platform: LINUX, platformName: LINUX, proxy: Proxy(), setWindowRect: true, strictFileInteractability: false, timeouts: {implicit: 0, pageLoad: 300000, script: 30000}, unhandledPromptBehavior: dismiss and notify, webauthn:extension:credBlob: true, webauthn:extension:largeBlob: true, webauthn:virtualAuthenticators: true}
Session ID: 6198f95e98905ab5dfef9649277f13fd</error><system-err>stale element reference: element is not attached to the page document
  (Session info: chrome=101.0.4951.41)
For documentation on this error, please visit: https://www.seleniumhq.org/exceptions/stale_element_reference.html
Build info: version: '3.141.59', revision: 'e82be7d358', time: '2018-11-14T08:17:03'
System info: host: 'juan-Forward-Unto-Dawn', ip: '127.0.1.1', os.name: 'Linux', os.arch: 'amd64', os.version: '5.13.0-40-generic', java.version: '11.0.13'
Driver info: org.openqa.selenium.chrome.ChromeDriver
Capabilities {acceptInsecureCerts: false, browserName: chrome, browserVersion: 101.0.4951.41, chrome: {chromedriverVersion: 101.0.4951.41 (93c720db8323..., userDataDir: /tmp/.com.google.Chrome.gQLDip}, goog:chromeOptions: {debuggerAddress: localhost:41457}, javascriptEnabled: true, networkConnectionEnabled: false, pageLoadStrategy: normal, platform: LINUX, platformName: LINUX, proxy: Proxy(), setWindowRect: true, strictFileInteractability: false, timeouts: {implicit: 0, pageLoad: 300000, script: 30000}, unhandledPromptBehavior: dismiss and notify, webauthn:extension:credBlob: true, webauthn:extension:largeBlob: true, webauthn:virtualAuthenticators: true}
Session ID: 6198f95e98905ab5dfef9649277f13fd
co.com.sofka.task.acudiente.StudentRegister.performAs(StudentRegister.java:39)
co.com.sofka.stepdefinition.acudiente.AcudienteStepDefinition.ingresoALaPlataformaYSeleccionoLaOpcionDeRegistroDeEstudianteYRellenoElFormulario(AcudienteStepDefinition.java:105)
io.cucumber.java.Invoker.invoke(Invoker.java:27)
io.cucumber.java.JavaStepDefinition.execute(JavaStepDefinition.java:27)
io.cucumber.core.runner.PickleStepDefinitionMatch.runStep(PickleStepDefinitionMatch.java:63)
io.cucumber.core.runner.TestStep.executeStep(TestStep.java:64)
io.cucumber.core.runner.TestStep.run(TestStep.java:49)
io.cucumber.core.runner.PickleStepTestStep.run(PickleStepTestStep.java:46)
io.cucumber.core.runner.TestCase.run(TestCase.java:51)
io.cucumber.core.runner.Runner.runPickle(Runner.java:67)
io.cucumber.junit.FeatureRunner.runChild(FeatureRunner.java:83)
io.cucumber.junit.FeatureRunner.runChild(FeatureRunner.java:24)
io.cucumber.junit.CucumberSerenityRunner.runChild(CucumberSerenityRunner.java:227)
io.cucumber.junit.CucumberSerenityRunner.runChild(CucumberSerenityRunner.java:54)
</system-err></testcase></testsuite>